<?xml version="1.0" encoding="UTF-8"?>
<!-- Generated by org.testng.reporters.JUnitReportReporter -->
<testsuite hostname="DESKTOP-ITCFLHS" failures="0" tests="2" name="Data.Excel.DataP" time="0.007" errors="0" timestamp="2024-04-14T21:44:24 IST" skipped="0">
  <testcase classname="Data.Excel.DataP" name="dataMethod" time="0.001"/>
  <testcase classname="Data.Excel.DataP" name="dataMethod" time="0.006"/>
</testsuite> <!-- Data.Excel.DataP -->
